============================= test session starts =============================
platform win32 -- Python 3.12.10, pytest-8.4.2, pluggy-1.6.0
rootdir: F:\MAIN PROJECTS\Mace
plugins: anyio-4.10.0, langsmith-0.4.21, asyncio-1.2.0, cov-7.0.0
asyncio: mode=Mode.STRICT, debug=False, asyncio_default_fixture_loop_scope=None, asyncio_default_test_loop_scope=function
=== Running interactions ===

[NLU] Ollama not running at http://localhost:11434
No trained model found at f:\MAIN PROJECTS\Mace\models\nlu\classifier.pkl
DEBUG: Running agent profile_agent with percept remember my name is Alice (timeout: 30.0s)
DEBUG: Agent output: {'agent_id': 'profile_agent', 'text': 'Got it! Your name is Alice.', 'confidence': 1.0, 'reasoning_trace': 'Stored: user/profile/user_123/name = Alice', 'raw_output': 'Got it! Your name is Alice.'}
1: Got it! Your name is Alice.
[NLU] Ollama not running at http://localhost:11434
DEBUG: Running agent profile_agent with percept my friend's name is John (timeout: 30.0s)
DEBUG: Agent output: {'agent_id': 'profile_agent', 'text': 'Got it! Your s name is John.', 'confidence': 1.0, 'reasoning_trace': 'Stored: user/profile/user_123/s_name = John', 'raw_output': 'Got it! Your s name is John.'}
2: Got it! Your s name is John.
[NLU] Ollama not running at http://localhost:11434
DEBUG: Running agent profile_agent with percept John is a footballer (timeout: 30.0s)
DEBUG: Agent output: {'agent_id': 'profile_agent', 'text': "Noted! John's role is footballer.", 'confidence': 1.0, 'reasoning_trace': 'Stored contact: user/contacts/john/role = footballer', 'raw_output': "Noted! John's role is footballer."}
3: Noted! John's role is footballer.

=== Episodic Memory (with KG tags) ===
Summary: [personal_context] John is a footballer
Tags: ['personal_context', 'john:occupation=footballer']

Summary: [attempted_store_name] my friend's name is John
Tags: ['attempted_store_name', 'john:friend_of:user', 'john:name=john', 'friend:name=john']

Summary: [attempted_store_name] remember my name is Alice
Tags: ['attempted_store_name', 'remember:my_name=alice', 'user:name=alice']

=== Knowledge Graph ===

User entity:
  Attributes: {'name': 'alice'}

John entity:
  Attributes: {'name': 'john', 'occupation': 'footballer'}
  Relations: [{'direction': 'outgoing', 'relation': 'friend_of', 'target': 'user'}]
=== MEMORY DEBUG TEST ===

[1] Testing Semantic Memory (SEM)...
Storing user/profile/user_123/debug_attr = debug_value_123...
Testing Router...
'calculate 2 + 2' -> mace.agents.generic_agent (Reason: Routed based on NLU intent: unknown)
'my name is Bob' -> mace.agents.generic_agent (Reason: Routed based on NLU intent: unknown)
'who is Bob' -> mace.agents.generic_agent (Reason: Routed based on NLU intent: unknown)
'what is gravity' -> mace.agents.generic_agent (Reason: Routed based on NLU intent: unknown)
'hello' -> mace.agents.generic_agent (Reason: Routed based on NLU intent: unknown)
'foobar' -> mace.agents.generic_agent (Reason: Routed based on NLU intent: unknown)
collected 392 items / 8 errors

<Dir Mace>
  <Dir tests>
    <Dir health_check>
      <Module test_concurrency.py>
        <UnitTestCase TestConcurrency>
          <TestCaseFunction test_concurrent_writes>
      <Module test_deep_replay.py>
        <UnitTestCase TestDeepReplay>
          <TestCaseFunction test_deep_diff>
      <Module test_determinism.py>
        <UnitTestCase TestDeterminism>
          <TestCaseFunction test_1_1_seed_repeatability>
          <TestCaseFunction test_1_3_deterministic_timestamp>
      <Module test_evidence_size.py>
        <UnitTestCase TestEvidenceSize>
          <TestCaseFunction test_evidence_size_boundary>
      <Module test_executor.py>
        <UnitTestCase TestExecutor>
          <TestCaseFunction test_5_1_agent_crash_handling>
          <TestCaseFunction test_5_2_council_stub_correctness>
          <TestCaseFunction test_5_3_final_selection_tie_break>
      <Module test_final_audit.py>
        <UnitTestCase TestFinalAudit>
          <TestCaseFunction test_c4_pii_blocking>
          <TestCaseFunction test_e2_immutability>
          <TestCaseFunction test_g3_knowledge_agent_string>
      <Module test_fuzz.py>
        <UnitTestCase TestFuzz>
          <TestCaseFunction test_9_1_random_seeds_sweep>
          <TestCaseFunction test_9_2_large_payload_handling>
      <Module test_log_security.py>
        <UnitTestCase TestLogSecurity>
          <TestCaseFunction test_sign_and_verify>
          <TestCaseFunction test_tamper_detection>
          <TestCaseFunction test_wrong_key>
      <Module test_replay.py>
        <UnitTestCase TestReplay>
          <TestCaseFunction test_1_2_replay_structural_equality>
          <TestCaseFunction test_6_1_snapshot_replay>
          <TestCaseFunction test_6_2_corrupt_snapshot_detection>
      <Module test_replay_side_effects.py>
        <UnitTestCase TestReplaySideEffects>
          <TestCaseFunction test_replay_no_db_writes>
          <TestCaseFunction test_replay_sandbox_isolation>
      <Module test_router.py>
        <UnitTestCase TestRouter>
          <TestCaseFunction test_4_1_rule_match_precision>
          <TestCaseFunction test_4_2_math_grammar>
          <TestCaseFunction test_4_3_profile_regex>
          <TestCaseFunction test_4_4_budget_brainstate>
      <Module test_schema.py>
        <UnitTestCase TestSchema>
          <TestCaseFunction test_2_1_reflective_log_schema>
          <TestCaseFunction test_2_2_per_object_validation>
      <Module test_security.py>
        <UnitTestCase TestSecurity>
          <TestCaseFunction test_7_1_canonical_key_injection>
          <TestCaseFunction test_7_3_disk_space_check>
      <Module test_sem.py>
        <UnitTestCase TestSEM>
          <TestCaseFunction test_3_1_put_get_roundtrip>
          <TestCaseFunction test_3_2_last_write_wins>
          <TestCaseFunction test_3_4_db_failure>
      <Module test_telemetry.py>
        <UnitTestCase TestTelemetry>
          <TestCaseFunction test_8_1_apt_update_correctness>
          <TestCaseFunction test_8_2_metric_reporting>
    <Dir memory>
      <Module test_memory_hierarchy.py>
        <UnitTestCase TestWorkingMemory>
          <TestCaseFunction test_wm_add_and_get>
          <TestCaseFunction test_wm_capacity_enforcement>
          <TestCaseFunction test_wm_ttl_expiry>
        <UnitTestCase TestContextualWorkingMemory>
          <TestCaseFunction test_cwm_add_and_persist>
          <TestCaseFunction test_cwm_capacity_enforcement>
          <TestCaseFunction test_cwm_wm_promotion>
        <UnitTestCase TestEpisodicMemory>
          <TestCaseFunction test_get_recent>
          <TestCaseFunction test_record_interaction>
          <TestCaseFunction test_search_by_summary>
        <UnitTestCase TestFullIntegration>
          <TestCaseFunction test_executor_records_episodic>
    <Package pre_stage2>
      <Module test_lr01.py>
        <UnitTestCase TestLR01>
          <TestCaseFunction test_01_phase_a_experience_collection>
          <TestCaseFunction test_02_phase_a_clustering>
          <TestCaseFunction test_03_phase_b_governance_decisions>
          <TestCaseFunction test_04_phase_c_baseline_measurement>
          <TestCaseFunction test_05_phase_c_apply_promotion>
          <TestCaseFunction test_06_phase_c_post_promotion_measurement>
          <TestCaseFunction test_07_validate_feature_diversity>
          <TestCaseFunction test_08_final_verdict>
    <Dir schema>
      <Module test_schema_lock.py>
        <UnitTestCase TestSchemaLock>
          <TestCaseFunction test_all_validations_pass>
          <TestCaseFunction test_containment_invariants>
          <TestCaseFunction test_learning_modes>
          <TestCaseFunction test_limits_locked>
          <TestCaseFunction test_lock_hash_exists>
          <TestCaseFunction test_schema_lock_exists>
          <TestCaseFunction test_stage2_locked>
    <Dir stage0>
      <Module test_golden.py>
        <UnitTestCase TestGoldenStage0>
          <TestCaseFunction test_G1_favorite_color_recall>
          <TestCaseFunction test_G2_last_write_wins>
          <TestCaseFunction test_G3_router_fallback>
          <TestCaseFunction test_G4_sem_only>
    <Package stage1>
      <Module test_action_request.py>
        <UnitTestCase TestActionRequest>
          <TestCaseFunction test_validation>
      <Module test_admin.py>
        <UnitTestCase TestAdmin>
          <TestCaseFunction test_invalid_token>
          <TestCaseFunction test_killswitch>
          <TestCaseFunction test_rehydration>
          <TestCaseFunction test_token_lifecycle>
      <Module test_apt.py>
        <UnitTestCase TestAPT>
          <TestCaseFunction test_log_and_get>
          <TestCaseFunction test_replay>
      <Module test_brainstate.py>
        <UnitTestCase TestBrainState>
          <TestCaseFunction test_create_snapshot_determinism>
          <TestCaseFunction test_tick_logic>
          <TestCaseFunction test_wm_expiry>
      <Module test_deterministic_primitives.py>
        <UnitTestCase TestDeterministicPrimitives>
          <TestCaseFunction test_canonical_float>
          <TestCaseFunction test_canonical_key>
          <TestCaseFunction test_canonical_serialization>
          <TestCaseFunction test_deterministic_id>
          <TestCaseFunction test_signing>
      <Module test_executor.py>
        <UnitTestCase TestExecutor>
          <TestCaseFunction test_execution_cycle>
          <TestCaseFunction test_router_selection>
      <Module test_memory_layers.py>
        <UnitTestCase TestMemoryLayers>
          <TestCaseFunction test_cwm>
          <TestCaseFunction test_episodic>
          <TestCaseFunction test_wm>
      <Module test_persistence.py>
        <UnitTestCase TestPersistence>
          <TestCaseFunction test_migration_and_tables>
      <Module test_replay.py>
        <UnitTestCase TestReplay>
          <TestCaseFunction test_replay_fidelity>
          <TestCaseFunction test_signature_verification>
      <Module test_router.py>
        <UnitTestCase TestRouter>
          <TestCaseFunction test_scoring>
          <TestCaseFunction test_tie_breaking>
      <Module test_self_representation.py>
        <UnitTestCase TestSelfRepresentation>
          <TestCaseFunction test_decommission>
          <TestCaseFunction test_register_and_get>
          <TestCaseFunction test_snapshot>
    <Dir stage2>
      <Module test_amendments.py>
        <UnitTestCase TestAmendmentSchema>
          <TestCaseFunction test_amendment_reasons_defined>
          <TestCaseFunction test_invalid_reason_rejected>
          <TestCaseFunction test_invalid_reward_rejected>
          <TestCaseFunction test_valid_reasons_accepted>
          <TestCaseFunction test_valid_rewards_accepted>
        <UnitTestCase TestCreateAmendment>
          <TestCaseFunction test_create_amendment_deterministic>
          <TestCaseFunction test_create_amendment_returns_dict>
        <UnitTestCase TestInvalidTriggers>
          <TestCaseFunction test_decay_not_valid_trigger>
          <TestCaseFunction test_explicit_correction_is_valid>
          <TestCaseFunction test_overwrite_not_valid_trigger>
          <TestCaseFunction test_replacement_not_valid_trigger>
          <TestCaseFunction test_silence_not_valid_trigger>
        <UnitTestCase TestBackwardLinkage>
          <TestCaseFunction test_missing_candidate_id_fails>
          <TestCaseFunction test_negative_delay_fails>
          <TestCaseFunction test_valid_linkage_passes>
        <UnitTestCase TestAmendmentPersistence>
          <TestCaseFunction test_cumulative_reward>
          <TestCaseFunction test_persist_and_retrieve>
      <Module test_candidate.py>
        <UnitTestCase TestFeatureSetLocked>
          <TestCaseFunction test_exactly_six_features>
          <TestCaseFunction test_feature_creep_rejected>
          <TestCaseFunction test_feature_names>
          <TestCaseFunction test_valid_features_normalized>
        <UnitTestCase TestCandidateIdDeterminism>
          <TestCaseFunction test_different_counter_different_id>
          <TestCaseFunction test_different_episodics_different_id>
          <TestCaseFunction test_same_inputs_same_id>
        <UnitTestCase TestCreateCandidate>
          <TestCaseFunction test_create_candidate_deterministic>
          <TestCaseFunction test_create_candidate_returns_dict>
          <TestCaseFunction test_create_candidate_validates_features>
        <UnitTestCase TestComputeFeatures>
          <TestCaseFunction test_all_features_present>
          <TestCaseFunction test_compute_frequency>
          <TestCaseFunction test_compute_from_empty_list>
          <TestCaseFunction test_compute_source_diversity>
      <Module test_council_labels.py>
        <UnitTestCase TestLabelSchema>
          <TestCaseFunction test_governance_labels_defined>
          <TestCaseFunction test_invalid_governance_label_rejected>
          <TestCaseFunction test_valid_governance_labels_accepted>
        <UnitTestCase TestCreateLabel>
          <TestCaseFunction test_create_label_deterministic>
          <TestCaseFunction test_create_label_returns_dict>
          <TestCaseFunction test_create_label_with_no_decision>
        <UnitTestCase TestConflictPreservation>
          <TestCaseFunction test_conflict_not_collapsed_to_majority>
          <TestCaseFunction test_disagreement_creates_conflict>
          <TestCaseFunction test_empty_votes_no_decision>
          <TestCaseFunction test_unanimous_votes_no_conflict>
        <UnitTestCase TestCandidateCoverage>
          <TestCaseFunction test_coverage_check_all_labeled>
          <TestCaseFunction test_coverage_check_missing_labels>
      <Module test_events.py>
        <UnitTestCase TestEventSchemaFrozen>
          <TestCaseFunction test_event_types_content>
          <TestCaseFunction test_event_types_exactly_six>
          <TestCaseFunction test_invalid_event_type_rejected>
        <UnitTestCase TestEventDeterminism>
          <TestCaseFunction test_different_inputs_different_ids>
          <TestCaseFunction test_event_id_deterministic>
        <UnitTestCase TestEventSigning>
          <TestCaseFunction test_event_has_signature>
          <TestCaseFunction test_signature_verifies>
          <TestCaseFunction test_tampered_event_fails_verification>
        <UnitTestCase TestEventLogging>
          <TestCaseFunction test_log_amendment>
          <TestCaseFunction test_log_candidate_create>
          <TestCaseFunction test_log_council_vote>
          <TestCaseFunction test_log_episodic_write>
          <TestCaseFunction test_log_wm_insert>
      <Module test_mem_snn_shadow.py>
        <UnitTestCase TestShadowModeEnforcement>
          <TestCaseFunction test_score_candidate_requires_shadow_mode>
          <TestCaseFunction test_verify_shadow_mode_integrity>
        <UnitTestCase TestShadowScoring>
          <TestCaseFunction test_governance_conflict_lowers_safety>
          <TestCaseFunction test_score_returns_prediction_dict>
          <TestCaseFunction test_stub_scoring_uses_features>
        <UnitTestCase TestDivergenceLogging>
          <TestCaseFunction test_log_divergence_succeeds>
          <TestCaseFunction test_no_divergence_when_agreement>
        <UnitTestCase TestRemovingMEMSNNChangesNothing>
          <TestCaseFunction test_system_works_without_mem_snn>
      <Module test_shadow_guard.py>
        <UnitTestCase TestShadowGuardEnforcement>
          <TestCaseFunction test_assert_shadow_mode_fails_when_halted>
          <TestCaseFunction test_assert_shadow_mode_passes>
          <TestCaseFunction test_guard_against_consumption_always_fails>
          <TestCaseFunction test_guard_executor_access_blocks_candidate_score>
          <TestCaseFunction test_guard_router_access_allows_non_learning>
          <TestCaseFunction test_guard_router_access_blocks_mem_snn>
          <TestCaseFunction test_guard_sem_write_allows_governance_approved>
          <TestCaseFunction test_guard_sem_write_blocks_auto_trigger>
          <TestCaseFunction test_killswitch_toggles>
          <TestCaseFunction test_learning_mode_is_shadow>
          <TestCaseFunction test_shadow_guard_get_learning_mode>
        <UnitTestCase TestCandidateFeatures>
          <TestCaseFunction test_feature_count>
          <TestCaseFunction test_feature_set_locked>
        <UnitTestCase TestStage2ConfigIntegrity>
          <TestCaseFunction test_config_has_required_keys>
          <TestCaseFunction test_config_loads>
      <Module test_world_variation.py>
        <UnitTestCase TestApprovedDiversitySources>
          <TestCaseFunction test_approved_source_check>
          <TestCaseFunction test_approved_sources_defined>
          <TestCaseFunction test_forbidden_source_check>
          <TestCaseFunction test_forbidden_sources_defined>
        <UnitTestCase TestWorldConfig>
          <TestCaseFunction test_create_world_config>
          <TestCaseFunction test_world_config_to_dict>
        <UnitTestCase TestDeterminism>
          <TestCaseFunction test_different_world_different_hash>
          <TestCaseFunction test_same_seed_same_world_same_hash>
        <UnitTestCase TestWorldSweeps>
          <TestCaseFunction test_agent_disagreement_sweep>
          <TestCaseFunction test_all_world_variations>
          <TestCaseFunction test_governance_policy_sweep>
          <TestCaseFunction test_time_shift_sweep>
    <Package stage3>
      <Module test_containment.py>
        <Class TestAdvisoryFormatConstraints>
          <Function test_valid_advisory_passes>
          <Function test_content_too_short>
          <Function test_content_too_long>
          <Function test_too_many_evidence_refs>
          <Function test_forbidden_base64_pattern>
          <Function test_invalid_confidence>
          <Function test_normalize_content>
        <Class TestMetadataRedaction>
          <Function test_redacts_raw_scores>
          <Function test_redacts_timing>
          <Function test_redacts_nested>
          <Function test_redacts_candidate_lists>
        <Class TestTimingNormalization>
          <Function test_normalize_timestamp_removes_microseconds>
          <Function test_normalize_timestamp_handles_timezone>
          <Function test_normalize_event_ordering>
          <Function test_strip_timing_metadata>
        <Class TestDivergenceRepresentationLimits>
          <Function test_valid_divergence_types>
          <Function test_invalid_divergence_type>
          <Function test_valid_impact_categories>
          <Function test_invalid_impact_category>
          <Function test_quantize_to_category>
        <Class TestNoLearningNoAdaptation>
          <Function test_detects_weight_update>
          <Function test_detects_learn_from>
          <Function test_detects_self_modify>
          <Function test_raises_on_violation>
          <Function test_clean_content_passes>
          <Function test_validates_no_numeric_feedback>
        <Class TestCombinedContainment>
          <Function test_valid_advisory_is_contained>
          <Function test_invalid_advisory_fails_containment>
          <Function test_apply_containment_transforms>
        <Class TestNegativeCapabilityContainment>
          <Function test_cannot_leak_via_content_length>
          <Function test_cannot_embed_data_in_base64>
          <Function test_cannot_use_numeric_scores>
          <Function test_cannot_use_timing_as_channel>
      <Module test_governance.py>
        <Class TestExternalKillSwitch>
          <Function test_killswitch_initially_inactive>
          <Function test_killswitch_activation_creates_file>
          <Function test_killswitch_persists_across_instances>
          <Function test_reset_requires_multiple_signatures>
          <Function test_reset_execution>
        <Class TestHeartbeatMonitor>
          <Function test_send_heartbeat>
          <Function test_is_healthy_with_recent_heartbeat>
          <Function test_is_unhealthy_without_heartbeat>
        <Class TestModeTransitionAudit>
          <Function test_create_audit_record>
          <Function test_preconditions_hash_verification>
          <Function test_audit_to_dict>
        <Class TestNegativeConstitutionEnforcement>
          <Function test_detects_learning_patterns>
          <Function test_detects_adaptation>
          <Function test_detects_self_improvement>
          <Function test_clean_advisory_code_passes>
        <Class TestAuthorityBoundaries>
          <Function test_advisory_scope_limited>
          <Function test_forbidden_domains_not_in_types>
        <Class TestTerminologyLock>
          <Function test_confidence_is_textual>
          <Function test_divergence_is_categorical>
      <Module test_governance_advanced.py>
        <Class TestNonCausality>
          <Function test_A1_advisory_zero_influence>
          <Function test_A2_advice_removal_invariance>
        <Class TestSelfObservation>
          <Function test_B1_advice_vs_outcome_divergence>
          <Function test_B2_ignored_advice_awareness_no_resentment>
        <Class TestGovernanceImmutability>
          <Function test_C1_advisory_persistence_firewall>
          <Function test_C2_council_advisory_conflict_preservation>
        <Class TestAdvisoryQualityWithoutPower>
          <Function test_D1_advice_accuracy_tracking_no_thresholds>
          <Function test_D2_confidence_non_comparability>
        <Class TestReplayDeterminism>
          <Function test_E1_advisory_replay_fidelity>
          <Function test_E2_advisory_tamper_detection>
        <Class TestShadowAdvisoryBoundary>
          <Function test_F1_learning_mode_transition_requires_governance>
          <Function test_F2_advisory_leakage_prevention>
        <Class TestHumanInterpretability>
          <Function test_G1_explainability_without_tools>
        <Class TestFinalAcceptanceCriteria>
          <Function test_final_advice_exists_but_powerless>
          <Function test_final_system_knows_it_suggested>
          <Function test_final_system_knows_when_wrong>
          <Function test_final_system_does_not_adapt>
          <Function test_final_removing_learning_changes_nothing>
      <Module test_integration.py>
        <Class TestStage3RouteIntegration>
          <Function test_stage3_route_returns_decision>
          <Function test_stage3_includes_advisory_metadata>
          <Function test_stage3_includes_meta_observations>
          <Function test_parity_with_base_router>
          <Function test_works_without_advisory_generator>
        <Class TestMEMSNNAdvisoryGenerator>
          <Function test_generate_returns_list>
          <Function test_advisories_are_valid>
        <Class TestHelperFunctions>
          <Function test_extract_chosen_path>
          <Function test_extract_chosen_path_empty>
          <Function test_extract_advised_path>
      <Module test_parity.py>
        <Class TestParityWithoutAdvisory>
          <Function test_decision_hash_identical>
          <Function test_multiple_advisories_no_effect>
          <Function test_advisory_deletion_no_side_effects>
        <Class TestReplayFidelity>
          <Function test_advisory_id_deterministic>
          <Function test_canonical_serialization_deterministic>
          <Function test_signature_reproducible>
        <Class TestMetaObservationReplay>
          <Function test_observation_id_deterministic>
          <Function test_observation_canonical_form>
        <Class TestFullPipelineParity>
          <Function test_full_pipeline_parity>
          <Function test_parity_ci_simulation>
      <Module test_persistence.py>
        <Class TestDurableReflectiveLog>
          <Function test_reflective_log_persists>
          <Function test_idempotent_insert>
          <Function test_schema_version_in_every_row>
        <Class TestPersistedGuardState>
          <Function test_guard_state_persists>
          <Function test_killswitch_persists>
          <Function test_learning_mode_persists>
          <Function test_violations_ledger_persists>
        <Class TestAdvisoryVersioning>
          <Function test_advisory_has_versioning_fields>
          <Function test_advisory_versioning_in_dict>
          <Function test_advisory_versioning_in_canonical>
          <Function test_persist_advisory_with_versioning>
        <Class TestReplayFidelity>
          <Function test_replay_verification_pass>
          <Function test_replay_verification_fail>
          <Function test_replay_divergence_logged>
          <Function test_full_replay_verification>
        <Class TestDivergenceStats>
          <Function test_divergence_stats_work>
      <Module test_stage3_golden.py>
        <Class TestAdvisoryContainment>
          <Function test_advisory_has_no_executable_semantics>
          <Function test_advisory_safe_to_delete>
          <Function test_advisory_signature_verification>
        <Class TestAdvisoryValidation>
          <Function test_valid_advisory_passes>
          <Function test_forbidden_token_rejected>
          <Function test_threshold_pattern_rejected>
          <Function test_promote_command_rejected>
        <Class TestRouterParity>
          <Function test_decision_identical_with_or_without_advisory>
          <Function test_divergence_detected_when_advice_influences>
        <Class TestMetaObservation>
          <Function test_route_ignored_observation_recorded>
          <Function test_meta_observation_is_descriptive_not_prescriptive>
        <Class TestModeTransition>
          <Function test_mode_transition_requires_council_approval>
          <Function test_force_shadow_mode_on_violation>
        <Class TestAdvisoryGuard>
          <Function test_advisory_blocked_during_router_decide>
          <Function test_persistence_to_sem_blocked>
          <Function test_reflective_log_persistence_allowed>
        <Class TestCouncilAdviceReview>
          <Function test_council_can_score_usefulness>
          <Function test_council_disagreement_preserved>
    <Dir stage4>
      <Module test_shadow.py>
        <Function test_shadow_cortex_active>
      <Module test_veto.py>
        <Function test_veto_activation>
    <Dir stress>
      <Module test_stress.py>
        <UnitTestCase TestStressRandom>
          <TestCaseFunction test_overwrite_same_key_50_times>
          <TestCaseFunction test_store_and_retrieve_facts>
        <UnitTestCase TestStressEdgeCases>
          <TestCaseFunction test_empty_input>
          <TestCaseFunction test_special_value_stored>
          <TestCaseFunction test_sql_injection_attempt>
          <TestCaseFunction test_very_long_input>
          <TestCaseFunction test_whitespace_only>
        <UnitTestCase TestStressPIIBlocking>
          <TestCaseFunction test_credit_card_blocked>
          <TestCaseFunction test_normal_data_allowed>
          <TestCaseFunction test_ssn_blocked>
        <UnitTestCase TestStressRouterBoundaries>
          <TestCaseFunction test_math_detection>
          <TestCaseFunction test_math_priority_over_personal>
          <TestCaseFunction test_personal_over_fact>
        <UnitTestCase TestStressFailureRecovery>
          <TestCaseFunction test_agent_crash_recovery>
          <TestCaseFunction test_invalid_key_format_direct>
          <TestCaseFunction test_rapid_fire_requests>
        <UnitTestCase TestStressDeterminism>
          <TestCaseFunction test_same_seed_same_log_id>
    <Dir v02_validation>
      <Module test_agents_v2.py>
        <UnitTestCase TestAgentsV2>
          <TestCaseFunction test_council_vote_stub>
          <TestCaseFunction test_math_agent>
          <TestCaseFunction test_profile_agent_read>
          <TestCaseFunction test_profile_agent_write>
      <Module test_canonical_keys.py>
        <UnitTestCase TestCanonicalKeys>
          <TestCaseFunction test_t1_valid_canonical_key>
          <TestCaseFunction test_t2_invalid_canonical_key>
          <TestCaseFunction test_t3_generate_canonical_key>
          <TestCaseFunction test_t4_resolve_alias_exact>
          <TestCaseFunction test_t5_resolve_alias_dynamic>
          <TestCaseFunction test_t6_resolve_alias_fallback>
      <Module test_determinism_v2.py>
        <UnitTestCase TestDeterminismV2>
          <TestCaseFunction test_counter_reset>
          <TestCaseFunction test_deterministic_id>
          <TestCaseFunction test_deterministic_timestamp>
          <TestCaseFunction test_idgen_wrapper>
          <TestCaseFunction test_seed_sensitivity>
      <Module test_executor_v2.py>
        <UnitTestCase TestExecutorV2>
          <TestCaseFunction test_agent_failure_fallback>
          <TestCaseFunction test_full_flow_math>
          <TestCaseFunction test_full_flow_profile_read>
      <Module test_golden_suite.py>
        <UnitTestCase TestGoldenSuite>
          <TestCaseFunction test_g1_math>
          <TestCaseFunction test_g2_profile_write>
          <TestCaseFunction test_g3_profile_read>
          <TestCaseFunction test_g4_fact>
          <TestCaseFunction test_t16_pii_block>
          <TestCaseFunction test_t17_invalid_key>
          <TestCaseFunction test_t18_agent_timeout>
          <TestCaseFunction test_t19_db_write_fail>
          <TestCaseFunction test_t20_replay_mismatch>
      <Module test_governance.py>
        <UnitTestCase TestGovernance>
          <TestCaseFunction test_load_amendments>
          <TestCaseFunction test_policy_check>
          <TestCaseFunction test_put_sem_blocked>
      <Module test_memory_pipeline.py>
        <UnitTestCase TestMemoryPipelineE2E>
          <TestCaseFunction test_end_to_end_candidate_extraction>
      <Module test_memory_retrieval.py>
        <UnitTestCase TestMemoryRetrieval>
          <TestCaseFunction test_concurrent_or_rapid_sqlite_writes>
          <TestCaseFunction test_knowledge_memory_lifecycle>
          <TestCaseFunction test_profile_memory_lifecycle>
      <Module test_metrics.py>
        <UnitTestCase TestMetrics>
          <TestCaseFunction test_metrics_collection>
          <TestCaseFunction test_metrics_persistence>
      <Module test_qcp_stub.py>
        <UnitTestCase TestQCPStub>
          <TestCaseFunction test_fact_intent>
          <TestCaseFunction test_general_intent>
          <TestCaseFunction test_math_intent>
          <TestCaseFunction test_profile_intent>
          <TestCaseFunction test_snapshot_structure>
      <Module test_reflective_log_v2.py>
        <UnitTestCase TestReflectiveLogV2>
          <TestCaseFunction test_create_sem_snapshot>
          <TestCaseFunction test_log_composition>
          <TestCaseFunction test_max_evidence_size>
      <Module test_replay_v2.py>
        <UnitTestCase TestReplayV2>
          <TestCaseFunction test_replay_code_change_mismatch>
          <TestCaseFunction test_replay_success>
          <TestCaseFunction test_replay_with_evidence>
      <Module test_router_v2.py>
        <UnitTestCase TestRouterV2>
          <TestCaseFunction test_decision_structure>
          <TestCaseFunction test_determinism>
          <TestCaseFunction test_route_fact>
          <TestCaseFunction test_route_fallback>
          <TestCaseFunction test_route_math>
          <TestCaseFunction test_route_profile>
      <Module test_sem_storage.py>
        <UnitTestCase TestSEMStorage>
          <TestCaseFunction test_t10_get_structure>
          <TestCaseFunction test_t11_error_handling>
          <TestCaseFunction test_t7_deterministic_write>
          <TestCaseFunction test_t8_pii_blocking>
          <TestCaseFunction test_t9_journal_correctness>
      <Module test_spec_compliance.py>
        <UnitTestCase TestSpecCompliance>
          <TestCaseFunction test_v002_log_structure>
  <Dir tools>
    <Module test_fault_injection.py>
      <Function test_agent_crash_handling>
      <Function test_invalid_percept_handling>
      <Function test_deterministic_error_messages>
      <Function test_fallback_agent_activation>
    <Module test_sem_consistency.py>
      <Function test_roundtrip_consistency>
      <Function test_pii_blocking>
      <Function test_max_size_enforcement>
      <Function test_deterministic_retrieval>

=================================== ERRORS ====================================
____________________ ERROR collecting test_memory_debug.py ____________________
test_memory_debug.py:23: in <module>
    print("\u2713 Store success")
C:\Program Files\WindowsApps\PythonSoftwareFoundation.Python.3.12_3.12.2800.0_x64__qbz5n2kfra8p0\Lib\encodings\cp1252.py